Sales-master/app/build/outputs/logs/manifest-merger-debug-report.txt
-- Merging decision tree log ---
manifest
ADDED from src/main/AndroidManifest.xml:16:1-110:12
INJECTED from src/main/AndroidManifest.xml:16:1-110:12
INJECTED from src/main/AndroidManifest.xml:16:1-110:12
INJECTED from src/main/AndroidManifest.xml:16:1-110:12
MERGED from [io.realm:realm-android-library:3.1.4] AndroidManifest.xml:2:1-11:12
MERGED from [com.intuit.sdp:sdp-android:1.0.5] AndroidManifest.xml:2:1-11:12
MERGED from [com.intuit.ssp:ssp-android:1.0.5] AndroidManifest.xml:2:1-11:12
MERGED from [com.toptoche.searchablespinner:searchablespinnerlibrary:1.3.1] AndroidManifest.xml:2:1-17:12
MERGED from [io.realm:android-adapters:2.0.0] AndroidManifest.xml:2:1-10:12
MERGED from [com.amitshekhar.android:debug-db:1.0.0] AndroidManifest.xml:20:1-40:12
MERGED from [com.amitshekhar.android:rx2-android-networking:1.0.1] AndroidManifest.xml:20:1-29:12
MERGED from [com.amitshekhar.android:android-networking:1.0.1] AndroidManifest.xml:18:1-27:12
MERGED from [com.android.support:design:26.1.0] AndroidManifest.xml:17:1-31:12
MERGED from [uk.co.chrisjenx:calligraphy:2.2.0] AndroidManifest.xml:2:1-13:12
MERGED from [com.android.support:appcompat-v7:27.0.2] AndroidManifest.xml:17:1-22:12
MERGED from [com.mindorks:placeholderview:0.6.1] AndroidManifest.xml:2:1-12:12
MERGED from [com.android.support:recyclerview-v7:26.1.0] AndroidManifest.xml:17:1-28:12
MERGED from [com.android.support:cardview-v7:26.1.0] AndroidManifest.xml:17:1-28:12
MERGED from [com.android.support:animated-vector-drawable:27.0.2] AndroidManifest.xml:17:1-22:12
MERGED from [com.android.support:support-vector-drawable:27.0.2] AndroidManifest.xml:17:1-22:12
MERGED from [io.reactivex.rxjava2:rxandroid:2.0.1] AndroidManifest.xml:15:1-21:12
MERGED from [com.jakewharton:butterknife:8.6.0] AndroidManifest.xml:2:1-7:12
MERGED from [com.jakewharton.timber:timber:4.5.1] AndroidManifest.xml:2:1-10:12
MERGED from [com.getkeepsafe.relinker:relinker:1.2.2] AndroidManifest.xml:2:1-9:12
MERGED from [com.android.support:transition:26.1.0] AndroidManifest.xml:17:1-28:12
MERGED from [com.android.support:support-v4:26.1.0] AndroidManifest.xml:17:1-31:12
MERGED from [com.android.support:support-media-compat:26.1.0] AndroidManifest.xml:17:1-31:12
MERGED from [com.android.support:support-fragment:27.0.2] AndroidManifest.xml:17:1-22:12
MERGED from [com.android.support:support-core-utils:27.0.2] AndroidManifest.xml:17:1-22:12
MERGED from [com.android.support:support-core-ui:27.0.2] AndroidManifest.xml:17:1-22:12
MERGED from [com.android.support:support-compat:27.0.2] AndroidManifest.xml:17:1-22:12
MERGED from [android.arch.lifecycle:runtime:1.0.3] AndroidManifest.xml:17:1-24:12
INJECTED from src/main/AndroidManifest.xml:16:1-110:12
INJECTED from src/main/AndroidManifest.xml:16:1-110:12
INJECTED from src/main/AndroidManifest.xml:16:1-110:12
	package
		ADDED from src/main/AndroidManifest.xml:17:5-35
		INJECTED from src/main/AndroidManifest.xml
		INJECTED from src/main/AndroidManifest.xml
	android:versionName
		INJECTED from src/main/AndroidManifest.xml
		ADDED from src/main/AndroidManifest.xml:16:1-110:12
		INJECTED from src/main/AndroidManifest.xml
	android:versionCode
		INJECTED from src/main/AndroidManifest.xml
		ADDED from src/main/AndroidManifest.xml:16:1-110:12
		INJECTED from src/main/AndroidManifest.xml
	xmlns:android
		ADDED from src/main/AndroidManifest.xml:16:11-69
uses-permission#android.permission.CAMERA
ADDED from src/main/AndroidManifest.xml:19:5-65
	android:name
		ADDED from src/main/AndroidManifest.xml:19:22-62
application
ADDED from src/main/AndroidManifest.xml:22:5-108:19
MERGED from [com.toptoche.searchablespinner:searchablespinnerlibrary:1.3.1] AndroidManifest.xml:11:5-15:19
MERGED from [com.toptoche.searchablespinner:searchablespinnerlibrary:1.3.1] AndroidManifest.xml:11:5-15:19
MERGED from [com.amitshekhar.android:debug-db:1.0.0] AndroidManifest.xml:32:5-38:19
MERGED from [com.amitshekhar.android:debug-db:1.0.0] AndroidManifest.xml:32:5-38:19
MERGED from [com.android.support:design:26.1.0] AndroidManifest.xml:25:5-29:19
MERGED from [com.android.support:design:26.1.0] AndroidManifest.xml:25:5-29:19
MERGED from [uk.co.chrisjenx:calligraphy:2.2.0] AndroidManifest.xml:11:5-20
MERGED from [uk.co.chrisjenx:calligraphy:2.2.0] AndroidManifest.xml:11:5-20
MERGED from [com.android.support:recyclerview-v7:26.1.0] AndroidManifest.xml:22:5-26:19
MERGED from [com.android.support:recyclerview-v7:26.1.0] AndroidManifest.xml:22:5-26:19
MERGED from [com.android.support:cardview-v7:26.1.0] AndroidManifest.xml:22:5-26:19
MERGED from [com.android.support:cardview-v7:26.1.0] AndroidManifest.xml:22:5-26:19
MERGED from [com.jakewharton.timber:timber:4.5.1] AndroidManifest.xml:8:5-20
MERGED from [com.jakewharton.timber:timber:4.5.1] AndroidManifest.xml:8:5-20
MERGED from [com.android.support:transition:26.1.0] AndroidManifest.xml:22:5-26:19
MERGED from [com.android.support:transition:26.1.0] AndroidManifest.xml:22:5-26:19
MERGED from [com.android.support:support-v4:26.1.0] AndroidManifest.xml:25:5-29:19
MERGED from [com.android.support:support-v4:26.1.0] AndroidManifest.xml:25:5-29:19
MERGED from [com.android.support:support-media-compat:26.1.0] AndroidManifest.xml:25:5-29:19
MERGED from [com.android.support:support-media-compat:26.1.0] AndroidManifest.xml:25:5-29:19
	android:supportsRtl
		ADDED from src/main/AndroidManifest.xml:27:9-35
	android:label
		ADDED from src/main/AndroidManifest.xml:26:9-41
	android:icon
		ADDED from src/main/AndroidManifest.xml:25:9-43
	android:allowBackup
		ADDED from src/main/AndroidManifest.xml:24:9-35
	android:theme
		ADDED from src/main/AndroidManifest.xml:28:9-40
	android:name
		ADDED from src/main/AndroidManifest.xml:23:9-51
service#com.bartech.sales.sa.service.SyncService
ADDED from src/main/AndroidManifest.xml:30:9-56
	android:name
		ADDED from src/main/AndroidManifest.xml:30:18-53
activity#com.bartech.sales.sa.ui.splash.SplashActivity
ADDED from src/main/AndroidManifest.xml:32:9-41:20
	android:screenOrientation
		ADDED from src/main/AndroidManifest.xml:35:13-49
	android:launchMode
		ADDED from src/main/AndroidManifest.xml:34:13-43
	android:theme
		ADDED from src/main/AndroidManifest.xml:36:13-54
	android:name
		ADDED from src/main/AndroidManifest.xml:33:13-73
intent-filter#action:name:android.intent.action.MAIN+category:name:android.intent.category.LAUNCHER
ADDED from src/main/AndroidManifest.xml:37:13-40:29
action#android.intent.action.MAIN
ADDED from src/main/AndroidManifest.xml:38:17-69
	android:name
		ADDED from src/main/AndroidManifest.xml:38:25-66
category#android.intent.category.LAUNCHER
ADDED from src/main/AndroidManifest.xml:39:17-77
	android:name
		ADDED from src/main/AndroidManifest.xml:39:27-74
activity#com.bartech.sales.sa.ui.login.LoginActivity
ADDED from src/main/AndroidManifest.xml:43:9-47:68
	android:screenOrientation
		ADDED from src/main/AndroidManifest.xml:46:13-49
	android:launchMode
		ADDED from src/main/AndroidManifest.xml:45:13-43
	android:windowSoftInputMode
		ADDED from src/main/AndroidManifest.xml:47:13-65
	android:name
		ADDED from src/main/AndroidManifest.xml:44:13-71
activity#com.bartech.sales.sa.ui.Business.BusinessActivity
ADDED from src/main/AndroidManifest.xml:48:9-51:52
	android:screenOrientation
		ADDED from src/main/AndroidManifest.xml:51:13-49
	android:launchMode
		ADDED from src/main/AndroidManifest.xml:50:13-43
	android:name
		ADDED from src/main/AndroidManifest.xml:49:13-57
activity#com.bartech.sales.sa.ui.PaymentWays.PaymentActivity
ADDED from src/main/AndroidManifest.xml:52:9-55:52
	android:screenOrientation
		ADDED from src/main/AndroidManifest.xml:55:13-49
	android:launchMode
		ADDED from src/main/AndroidManifest.xml:54:13-43
	android:name
		ADDED from src/main/AndroidManifest.xml:53:13-59
activity#com.bartech.sales.sa.ui.customersforinvoice.CustomerInvoiceActivity
ADDED from src/main/AndroidManifest.xml:56:9-58:52
	android:screenOrientation
		ADDED from src/main/AndroidManifest.xml:58:13-49
	android:launchMode
		ADDED from src/main/AndroidManifest.xml:57:13-43
	android:name
		ADDED from src/main/AndroidManifest.xml:56:19-81
activity#com.bartech.sales.sa.ui.salesinvoice.InvoicesShowActivity
ADDED from src/main/AndroidManifest.xml:59:9-61:52
	android:screenOrientation
		ADDED from src/main/AndroidManifest.xml:61:13-49
	android:launchMode
		ADDED from src/main/AndroidManifest.xml:60:13-43
	android:name
		ADDED from src/main/AndroidManifest.xml:59:19-71
activity#com.bartech.sales.sa.ui.salesinvoice.InvoiceActivity
ADDED from src/main/AndroidManifest.xml:62:9-64:52
	android:screenOrientation
		ADDED from src/main/AndroidManifest.xml:64:13-49
	android:launchMode
		ADDED from src/main/AndroidManifest.xml:63:13-43
	android:name
		ADDED from src/main/AndroidManifest.xml:62:19-66
activity#com.bartech.sales.sa.ui.mainscreen.MainScreenActivity
ADDED from src/main/AndroidManifest.xml:65:9-67:52
	android:screenOrientation
		ADDED from src/main/AndroidManifest.xml:67:13-49
	android:launchMode
		ADDED from src/main/AndroidManifest.xml:66:13-43
	android:name
		ADDED from src/main/AndroidManifest.xml:65:19-67
activity#com.bartech.sales.sa.ui.cashpayment.CashShowActivity
ADDED from src/main/AndroidManifest.xml:68:9-70:52
	android:screenOrientation
		ADDED from src/main/AndroidManifest.xml:70:13-49
	android:launchMode
		ADDED from src/main/AndroidManifest.xml:69:13-43
	android:name
		ADDED from src/main/AndroidManifest.xml:68:19-66
activity#com.bartech.sales.sa.ui.SalesOrder.ProductsActivity
ADDED from src/main/AndroidManifest.xml:71:9-73:52
	android:screenOrientation
		ADDED from src/main/AndroidManifest.xml:73:13-49
	android:launchMode
		ADDED from src/main/AndroidManifest.xml:72:13-43
	android:name
		ADDED from src/main/AndroidManifest.xml:71:19-65
activity#com.bartech.sales.sa.ui.cashpayment.CashActivity
ADDED from src/main/AndroidManifest.xml:74:9-76:52
	android:screenOrientation
		ADDED from src/main/AndroidManifest.xml:76:13-49
	android:launchMode
		ADDED from src/main/AndroidManifest.xml:75:13-43
	android:name
		ADDED from src/main/AndroidManifest.xml:74:19-62
activity#com.bartech.sales.sa.ui.PaymentWays.CheckActivity
ADDED from src/main/AndroidManifest.xml:77:9-80:52
	android:screenOrientation
		ADDED from src/main/AndroidManifest.xml:80:13-49
	android:launchMode
		ADDED from src/main/AndroidManifest.xml:79:13-43
	android:name
		ADDED from src/main/AndroidManifest.xml:78:13-57
activity#com.bartech.sales.sa.ui.SalesOrder.OrderActivity
ADDED from src/main/AndroidManifest.xml:82:9-85:52
	android:screenOrientation
		ADDED from src/main/AndroidManifest.xml:85:13-49
	android:launchMode
		ADDED from src/main/AndroidManifest.xml:84:13-43
	android:name
		ADDED from src/main/AndroidManifest.xml:83:13-56
activity#com.bartech.sales.sa.ui.customer.CustomerActivity
ADDED from src/main/AndroidManifest.xml:86:9-89:52
	android:screenOrientation
		ADDED from src/main/AndroidManifest.xml:89:13-49
	android:launchMode
		ADDED from src/main/AndroidManifest.xml:88:13-43
	android:name
		ADDED from src/main/AndroidManifest.xml:87:13-57
activity#com.bartech.sales.sa.ui.main.MainActivityActivity
ADDED from src/main/AndroidManifest.xml:91:9-94:52
	android:screenOrientation
		ADDED from src/main/AndroidManifest.xml:94:13-49
	android:launchMode
		ADDED from src/main/AndroidManifest.xml:93:13-43
	android:name
		ADDED from src/main/AndroidManifest.xml:92:13-77
activity#com.bartech.sales.sa.ui.feed.FeedActivity
ADDED from src/main/AndroidManifest.xml:96:9-106:20
	android:screenOrientation
		ADDED from src/main/AndroidManifest.xml:100:13-49
	android:parentActivityName
		ADDED from src/main/AndroidManifest.xml:99:13-71
	android:launchMode
		ADDED from src/main/AndroidManifest.xml:98:13-43
	android:name
		ADDED from src/main/AndroidManifest.xml:97:13-69
meta-data#android.support.PARENT_ACTIVITY
ADDED from src/main/AndroidManifest.xml:103:13-105:65
	android:value
		ADDED from src/main/AndroidManifest.xml:105:17-62
	android:name
		ADDED from src/main/AndroidManifest.xml:104:17-63
uses-sdk
INJECTED from src/main/AndroidManifest.xml reason: use-sdk injection requested
INJECTED from src/main/AndroidManifest.xml
INJECTED from src/main/AndroidManifest.xml
MERGED from [io.realm:realm-android-library:3.1.4] AndroidManifest.xml:7:5-9:41
MERGED from [io.realm:realm-android-library:3.1.4] AndroidManifest.xml:7:5-9:41
MERGED from [com.intuit.sdp:sdp-android:1.0.5] AndroidManifest.xml:7:5-9:41
MERGED from [com.intuit.sdp:sdp-android:1.0.5] AndroidManifest.xml:7:5-9:41
MERGED from [com.intuit.ssp:ssp-android:1.0.5] AndroidManifest.xml:7:5-9:41
MERGED from [com.intuit.ssp:ssp-android:1.0.5] AndroidManifest.xml:7:5-9:41
MERGED from [com.toptoche.searchablespinner:searchablespinnerlibrary:1.3.1] AndroidManifest.xml:7:5-9:41
MERGED from [com.toptoche.searchablespinner:searchablespinnerlibrary:1.3.1] AndroidManifest.xml:7:5-9:41
MERGED from [io.realm:android-adapters:2.0.0] AndroidManifest.xml:6:5-8:41
MERGED from [io.realm:android-adapters:2.0.0] AndroidManifest.xml:6:5-8:41
MERGED from [com.amitshekhar.android:debug-db:1.0.0] AndroidManifest.xml:25:5-27:41
MERGED from [com.amitshekhar.android:debug-db:1.0.0] AndroidManifest.xml:25:5-27:41
MERGED from [com.amitshekhar.android:rx2-android-networking:1.0.1] AndroidManifest.xml:25:5-27:41
MERGED from [com.amitshekhar.android:rx2-android-networking:1.0.1] AndroidManifest.xml:25:5-27:41
MERGED from [com.amitshekhar.android:android-networking:1.0.1] AndroidManifest.xml:23:5-25:41
MERGED from [com.amitshekhar.android:android-networking:1.0.1] AndroidManifest.xml:23:5-25:41
MERGED from [com.android.support:design:26.1.0] AndroidManifest.xml:21:5-23:62
MERGED from [com.android.support:design:26.1.0] AndroidManifest.xml:21:5-23:62
MERGED from [uk.co.chrisjenx:calligraphy:2.2.0] AndroidManifest.xml:7:5-9:41
MERGED from [uk.co.chrisjenx:calligraphy:2.2.0] AndroidManifest.xml:7:5-9:41
MERGED from [com.android.support:appcompat-v7:27.0.2] AndroidManifest.xml:20:5-44
MERGED from [com.android.support:appcompat-v7:27.0.2] AndroidManifest.xml:20:5-44
MERGED from [com.mindorks:placeholderview:0.6.1] AndroidManifest.xml:8:5-10:41
MERGED from [com.mindorks:placeholderview:0.6.1] AndroidManifest.xml:8:5-10:41
MERGED from [com.android.support:recyclerview-v7:26.1.0] AndroidManifest.xml:20:5-44
MERGED from [com.android.support:recyclerview-v7:26.1.0] AndroidManifest.xml:20:5-44
MERGED from [com.android.support:cardview-v7:26.1.0] AndroidManifest.xml:20:5-44
MERGED from [com.android.support:cardview-v7:26.1.0] AndroidManifest.xml:20:5-44
MERGED from [com.android.support:animated-vector-drawable:27.0.2] AndroidManifest.xml:20:5-44
MERGED from [com.android.support:animated-vector-drawable:27.0.2] AndroidManifest.xml:20:5-44
MERGED from [com.android.support:support-vector-drawable:27.0.2] AndroidManifest.xml:20:5-44
MERGED from [com.android.support:support-vector-drawable:27.0.2] AndroidManifest.xml:20:5-44
MERGED from [io.reactivex.rxjava2:rxandroid:2.0.1] AndroidManifest.xml:19:5-43
MERGED from [io.reactivex.rxjava2:rxandroid:2.0.1] AndroidManifest.xml:19:5-43
MERGED from [com.jakewharton:butterknife:8.6.0] AndroidManifest.xml:5:5-43
MERGED from [com.jakewharton:butterknife:8.6.0] AndroidManifest.xml:5:5-43
MERGED from [com.jakewharton.timber:timber:4.5.1] AndroidManifest.xml:6:5-43
MERGED from [com.jakewharton.timber:timber:4.5.1] AndroidManifest.xml:6:5-43
MERGED from [com.getkeepsafe.relinker:relinker:1.2.2] AndroidManifest.xml:7:5-43
MERGED from [com.getkeepsafe.relinker:relinker:1.2.2] AndroidManifest.xml:7:5-43
MERGED from [com.android.support:transition:26.1.0] AndroidManifest.xml:20:5-44
MERGED from [com.android.support:transition:26.1.0] AndroidManifest.xml:20:5-44
MERGED from [com.android.support:support-v4:26.1.0] AndroidManifest.xml:21:5-23:54
MERGED from [com.android.support:support-v4:26.1.0] AndroidManifest.xml:21:5-23:54
MERGED from [com.android.support:support-media-compat:26.1.0] AndroidManifest.xml:21:5-23:63
MERGED from [com.android.support:support-media-compat:26.1.0] AndroidManifest.xml:21:5-23:63
MERGED from [com.android.support:support-fragment:27.0.2] AndroidManifest.xml:20:5-44
MERGED from [com.android.support:support-fragment:27.0.2] AndroidManifest.xml:20:5-44
MERGED from [com.android.support:support-core-utils:27.0.2] AndroidManifest.xml:20:5-44
MERGED from [com.android.support:support-core-utils:27.0.2] AndroidManifest.xml:20:5-44
MERGED from [com.android.support:support-core-ui:27.0.2] AndroidManifest.xml:20:5-44
MERGED from [com.android.support:support-core-ui:27.0.2] AndroidManifest.xml:20:5-44
MERGED from [com.android.support:support-compat:27.0.2] AndroidManifest.xml:20:5-44
MERGED from [com.android.support:support-compat:27.0.2] AndroidManifest.xml:20:5-44
MERGED from [android.arch.lifecycle:runtime:1.0.3] AndroidManifest.xml:20:5-22:41
MERGED from [android.arch.lifecycle:runtime:1.0.3] AndroidManifest.xml:20:5-22:41
INJECTED from src/main/AndroidManifest.xml
INJECTED from src/main/AndroidManifest.xml
	tools:overrideLibrary
		ADDED from [com.android.support:design:26.1.0] AndroidManifest.xml:23:9-59
	android:targetSdkVersion
		INJECTED from src/main/AndroidManifest.xml
		ADDED from src/main/AndroidManifest.xml
		INJECTED from src/main/AndroidManifest.xml
	android:minSdkVersion
		INJECTED from src/main/AndroidManifest.xml
		ADDED from src/main/AndroidManifest.xml
		INJECTED from src/main/AndroidManifest.xml
uses-permission#android.permission.INTERNET
ADDED from [com.amitshekhar.android:debug-db:1.0.0] AndroidManifest.xml:29:5-67
	android:name
		ADDED from [com.amitshekhar.android:debug-db:1.0.0] AndroidManifest.xml:29:22-64
uses-permission#android.permission.ACCESS_WIFI_STATE
ADDED from [com.amitshekhar.android:debug-db:1.0.0] AndroidManifest.xml:30:5-76
	android:name
		ADDED from [com.amitshekhar.android:debug-db:1.0.0] AndroidManifest.xml:30:22-73
provider#com.amitshekhar.DebugDBInitProvider
ADDED from [com.amitshekhar.android:debug-db:1.0.0] AndroidManifest.xml:33:9-37:40
	android:enabled
		ADDED from [com.amitshekhar.android:debug-db:1.0.0] AndroidManifest.xml:36:13-35
	android:authorities
		ADDED from [com.amitshekhar.android:debug-db:1.0.0] AndroidManifest.xml:35:13-71
	android:exported
		ADDED from [com.amitshekhar.android:debug-db:1.0.0] AndroidManifest.xml:37:13-37
	android:name
		ADDED from [com.amitshekhar.android:debug-db:1.0.0] AndroidManifest.xml:34:13-63
meta-data#android.support.VERSION
ADDED from [com.android.support:design:26.1.0] AndroidManifest.xml:26:9-28:38
MERGED from [com.android.support:recyclerview-v7:26.1.0] AndroidManifest.xml:23:9-25:38
MERGED from [com.android.support:recyclerview-v7:26.1.0] AndroidManifest.xml:23:9-25:38
MERGED from [com.android.support:cardview-v7:26.1.0] AndroidManifest.xml:23:9-25:38
MERGED from [com.android.support:cardview-v7:26.1.0] AndroidManifest.xml:23:9-25:38
MERGED from [com.android.support:transition:26.1.0] AndroidManifest.xml:23:9-25:38
MERGED from [com.android.support:transition:26.1.0] AndroidManifest.xml:23:9-25:38
MERGED from [com.android.support:support-v4:26.1.0] AndroidManifest.xml:26:9-28:38
MERGED from [com.android.support:support-v4:26.1.0] AndroidManifest.xml:26:9-28:38
MERGED from [com.android.support:support-media-compat:26.1.0] AndroidManifest.xml:26:9-28:38
MERGED from [com.android.support:support-media-compat:26.1.0] AndroidManifest.xml:26:9-28:38
	android:value
		ADDED from [com.android.support:design:26.1.0] AndroidManifest.xml:28:13-35
	android:name
		ADDED from [com.android.support:design:26.1.0] AndroidManifest.xml:27:13-51